# JRE version: Java(TM) SE Runtime Environment (17.0.11+7) (build 17.0.11+7-LTS-207)
# Java VM: Java HotSpot(TM) 64-Bit Server VM (17.0.11+7-LTS-207, mixed mode, sharing, tiered, compressed oops, compressed class ptrs, g1 gc, windows-amd64)
GC Precious Log:
 CPUs: 4 total, 4 available
 Memory: 8070M
 Large Page Support: Disabled
 NUMA Support: Disabled
 Compressed Oops: Enabled (32-bit)
 Heap Region Size: 1M
 Heap Min Capacity: 8M
 Heap Initial Capacity: 128M
 Heap Max Capacity: 2018M
 Pre-touch: Disabled
 Parallel Workers: 4
 Concurrent Workers: 1
 Concurrent Refinement Workers: 4
 Periodic GC: Disabled
Heap:
 garbage-first heap   total 372736K, used 230380K [0x0000000081e00000, 0x0000000100000000)
  region size 1024K, 8 young (8192K), 2 survivors (2048K)
 Metaspace       used 60072K, committed 60672K, reserved 1114112K
  class space    used 7331K, committed 7616K, reserved 1048576K
GC Heap History (20 events):
Event: 481.882 GC heap before
{Heap before GC invocations=44 (full 0):
 garbage-first heap   total 281600K, used 206728K [0x0000000081e00000, 0x0000000100000000)
  region size 1024K, 42 young (43008K), 8 survivors (8192K)
 Metaspace       used 39739K, committed 40192K, reserved 1114112K
  class space    used 4567K, committed 4800K, reserved 1048576K
}
Event: 481.891 GC heap after
{Heap after GC invocations=45 (full 0):
 garbage-first heap   total 281600K, used 176090K [0x0000000081e00000, 0x0000000100000000)
  region size 1024K, 3 young (3072K), 3 survivors (3072K)
 Metaspace       used 39739K, committed 40192K, reserved 1114112K
  class space    used 4567K, committed 4800K, reserved 1048576K
}
Event: 491.522 GC heap before
{Heap before GC invocations=46 (full 0):
 garbage-first heap   total 301056K, used 226266K [0x0000000081e00000, 0x0000000100000000)
  region size 1024K, 53 young (54272K), 3 survivors (3072K)
 Metaspace       used 39761K, committed 40192K, reserved 1114112K
  class space    used 4567K, committed 4800K, reserved 1048576K
}
Event: 491.533 GC heap after
{Heap after GC invocations=47 (full 0):
 garbage-first heap   total 301056K, used 187867K [0x0000000081e00000, 0x0000000100000000)
  region size 1024K, 7 young (7168K), 7 survivors (7168K)
 Metaspace       used 39761K, committed 40192K, reserved 1114112K
  class space    used 4567K, committed 4800K, reserved 1048576K
}
Event: 491.802 GC heap before
{Heap before GC invocations=47 (full 0):
 garbage-first heap   total 301056K, used 194011K [0x0000000081e00000, 0x0000000100000000)
  region size 1024K, 14 young (14336K), 7 survivors (7168K)
 Metaspace       used 39761K, committed 40192K, reserved 1114112K
  class space    used 4567K, committed 4800K, reserved 1048576K
}
Event: 491.811 GC heap after
{Heap after GC invocations=48 (full 0):
 garbage-first heap   total 301056K, used 186323K [0x0000000081e00000, 0x0000000100000000)
  region size 1024K, 2 young (2048K), 2 survivors (2048K)
 Metaspace       used 39761K, committed 40192K, reserved 1114112K
  class space    used 4567K, committed 4800K, reserved 1048576K
}
Event: 496.793 GC heap before
{Heap before GC invocations=48 (full 0):
 garbage-first heap   total 301056K, used 239571K [0x0000000081e00000, 0x0000000100000000)
  region size 1024K, 54 young (55296K), 2 survivors (2048K)
 Metaspace       used 39781K, committed 40192K, reserved 1114112K
  class space    used 4567K, committed 4800K, reserved 1048576K
}
Event: 496.803 GC heap after
{Heap after GC invocations=49 (full 0):
 garbage-first heap   total 301056K, used 196608K [0x0000000081e00000, 0x0000000100000000)
  region size 1024K, 7 young (7168K), 7 survivors (7168K)
 Metaspace       used 39781K, committed 40192K, reserved 1114112K
  class space    used 4567K, committed 4800K, reserved 1048576K
}
Event: 497.690 GC heap before
{Heap before GC invocations=49 (full 0):
 garbage-first heap   total 301056K, used 241664K [0x0000000081e00000, 0x0000000100000000)
  region size 1024K, 51 young (52224K), 7 survivors (7168K)
 Metaspace       used 39782K, committed 40192K, reserved 1114112K
  class space    used 4567K, committed 4800K, reserved 1048576K
}
Event: 497.703 GC heap after
{Heap after GC invocations=50 (full 0):
 garbage-first heap   total 301056K, used 205335K [0x0000000081e00000, 0x0000000100000000)
  region size 1024K, 7 young (7168K), 7 survivors (7168K)
 Metaspace       used 39782K, committed 40192K, reserved 1114112K
  class space    used 4567K, committed 4800K, reserved 1048576K
}
Event: 498.763 GC heap before
{Heap before GC invocations=50 (full 0):
 garbage-first heap   total 301056K, used 244247K [0x0000000081e00000, 0x0000000100000000)
  region size 1024K, 45 young (46080K), 7 survivors (7168K)
 Metaspace       used 39806K, committed 40192K, reserved 1114112K
  class space    used 4567K, committed 4800K, reserved 1048576K
}
Event: 498.778 GC heap after
{Heap after GC invocations=51 (full 0):
 garbage-first heap   total 301056K, used 214016K [0x0000000081e00000, 0x0000000100000000)
  region size 1024K, 6 young (6144K), 6 survivors (6144K)
 Metaspace       used 39806K, committed 40192K, reserved 1114112K
  class space    used 4567K, committed 4800K, reserved 1048576K
}
Event: 521.758 GC heap before
{Heap before GC invocations=52 (full 0):
 garbage-first heap   total 372736K, used 236544K [0x0000000081e00000, 0x0000000100000000)
  region size 1024K, 34 young (34816K), 6 survivors (6144K)
 Metaspace       used 39883K, committed 40384K, reserved 1114112K
  class space    used 4574K, committed 4800K, reserved 1048576K
}
Event: 521.769 GC heap after
{Heap after GC invocations=53 (full 0):
 garbage-first heap   total 372736K, used 211968K [0x0000000081e00000, 0x0000000100000000)
  region size 1024K, 5 young (5120K), 5 survivors (5120K)
 Metaspace       used 39883K, committed 40384K, reserved 1114112K
  class space    used 4574K, committed 4800K, reserved 1048576K
}
Event: 585.691 GC heap before
{Heap before GC invocations=53 (full 0):
 garbage-first heap   total 372736K, used 225280K [0x0000000081e00000, 0x0000000100000000)
  region size 1024K, 18 young (18432K), 5 survivors (5120K)
 Metaspace       used 40215K, committed 40640K, reserved 1114112K
  class space    used 4606K, committed 4800K, reserved 1048576K
}
Event: 585.700 GC heap after
{Heap after GC invocations=54 (full 0):
 garbage-first heap   total 372736K, used 210442K [0x0000000081e00000, 0x0000000100000000)
  region size 1024K, 1 young (1024K), 1 survivors (1024K)
 Metaspace       used 40215K, committed 40640K, reserved 1114112K
  class space    used 4606K, committed 4800K, reserved 1048576K
}
Event: 706.895 GC heap before
{Heap before GC invocations=54 (full 0):
 garbage-first heap   total 372736K, used 320010K [0x0000000081e00000, 0x0000000100000000)
  region size 1024K, 84 young (86016K), 1 survivors (1024K)
 Metaspace       used 49240K, committed 49728K, reserved 1114112K
  class space    used 5838K, committed 6080K, reserved 1048576K
}
Event: 706.912 GC heap after
{Heap after GC invocations=55 (full 0):
 garbage-first heap   total 372736K, used 215419K [0x0000000081e00000, 0x0000000100000000)
  region size 1024K, 6 young (6144K), 6 survivors (6144K)
 Metaspace       used 49240K, committed 49728K, reserved 1114112K
  class space    used 5838K, committed 6080K, reserved 1048576K
}
Event: 718.157 GC heap before
{Heap before GC invocations=55 (full 0):
 garbage-first heap   total 372736K, used 300411K [0x0000000081e00000, 0x0000000100000000)
  region size 1024K, 89 young (91136K), 6 survivors (6144K)
 Metaspace       used 54417K, committed 54976K, reserved 1114112K
  class space    used 6589K, committed 6848K, reserved 1048576K
}
Event: 718.172 GC heap after
{Heap after GC invocations=56 (full 0):
 garbage-first heap   total 372736K, used 220347K [0x0000000081e00000, 0x0000000100000000)
  region size 1024K, 11 young (11264K), 11 survivors (11264K)
 Metaspace       used 54417K, committed 54976K, reserved 1114112K
  class space    used 6589K, committed 6848K, reserved 1048576K
}

