# JRE version: Java(TM) SE Runtime Environment (17.0.11+7) (build 17.0.11+7-LTS-207)
# Java VM: Java HotSpot(TM) 64-Bit Server VM (17.0.11+7-LTS-207, mixed mode, sharing, tiered, compressed oops, compressed class ptrs, g1 gc, windows-amd64)
GC Precious Log:
 CPUs: 4 total, 4 available
 Memory: 8070M
 Large Page Support: Disabled
 NUMA Support: Disabled
 Compressed Oops: Enabled (32-bit)
 Heap Region Size: 1M
 Heap Min Capacity: 8M
 Heap Initial Capacity: 128M
 Heap Max Capacity: 2018M
 Pre-touch: Disabled
 Parallel Workers: 4
 Concurrent Workers: 1
 Concurrent Refinement Workers: 4
 Periodic GC: Disabled
Heap:
 garbage-first heap   total 131072K, used 23468K [0x0000000081e00000, 0x0000000100000000)
  region size 1024K, 10 young (10240K), 2 survivors (2048K)
 Metaspace       used 9536K, committed 9728K, reserved 1114112K
  class space    used 1191K, committed 1280K, reserved 1048576K
GC Heap History (12 events):
Event: 22.174 GC heap before
{Heap before GC invocations=0 (full 0):
 garbage-first heap   total 131072K, used 16384K [0x0000000081e00000, 0x0000000100000000)
  region size 1024K, 13 young (13312K), 0 survivors (0K)
 Metaspace       used 1098K, committed 1216K, reserved 1114112K
  class space    used 83K, committed 128K, reserved 1048576K
}
Event: 27.375 GC heap after
{Heap after GC invocations=1 (full 0):
 garbage-first heap   total 131072K, used 9259K [0x0000000081e00000, 0x0000000100000000)
  region size 1024K, 2 young (2048K), 2 survivors (2048K)
 Metaspace       used 1098K, committed 1216K, reserved 1114112K
  class space    used 83K, committed 128K, reserved 1048576K
}
Event: 44.199 GC heap before
{Heap before GC invocations=1 (full 0):
 garbage-first heap   total 131072K, used 12331K [0x0000000081e00000, 0x0000000100000000)
  region size 1024K, 6 young (6144K), 2 survivors (2048K)
 Metaspace       used 1173K, committed 1280K, reserved 1114112K
  class space    used 84K, committed 128K, reserved 1048576K
}
Event: 44.203 GC heap after
{Heap after GC invocations=2 (full 0):
 garbage-first heap   total 131072K, used 11211K [0x0000000081e00000, 0x0000000100000000)
  region size 1024K, 1 young (1024K), 1 survivors (1024K)
 Metaspace       used 1173K, committed 1280K, reserved 1114112K
  class space    used 84K, committed 128K, reserved 1048576K
}
Event: 67.008 GC heap before
{Heap before GC invocations=2 (full 0):
 garbage-first heap   total 131072K, used 15307K [0x0000000081e00000, 0x0000000100000000)
  region size 1024K, 6 young (6144K), 1 survivors (1024K)
 Metaspace       used 2077K, committed 2176K, reserved 1114112K
  class space    used 183K, committed 256K, reserved 1048576K
}
Event: 67.012 GC heap after
{Heap after GC invocations=3 (full 0):
 garbage-first heap   total 131072K, used 14431K [0x0000000081e00000, 0x0000000100000000)
  region size 1024K, 1 young (1024K), 1 survivors (1024K)
 Metaspace       used 2077K, committed 2176K, reserved 1114112K
  class space    used 183K, committed 256K, reserved 1048576K
}
Event: 69.542 GC heap before
{Heap before GC invocations=3 (full 0):
 garbage-first heap   total 131072K, used 18527K [0x0000000081e00000, 0x0000000100000000)
  region size 1024K, 6 young (6144K), 1 survivors (1024K)
 Metaspace       used 2976K, committed 3136K, reserved 1114112K
  class space    used 292K, committed 384K, reserved 1048576K
}
Event: 69.544 GC heap after
{Heap after GC invocations=4 (full 0):
 garbage-first heap   total 131072K, used 14988K [0x0000000081e00000, 0x0000000100000000)
  region size 1024K, 1 young (1024K), 1 survivors (1024K)
 Metaspace       used 2976K, committed 3136K, reserved 1114112K
  class space    used 292K, committed 384K, reserved 1048576K
}
Event: 78.250 GC heap before
{Heap before GC invocations=4 (full 0):
 garbage-first heap   total 131072K, used 24204K [0x0000000081e00000, 0x0000000100000000)
  region size 1024K, 11 young (11264K), 1 survivors (1024K)
 Metaspace       used 4520K, committed 4800K, reserved 1114112K
  class space    used 504K, committed 640K, reserved 1048576K
}
Event: 78.252 GC heap after
{Heap after GC invocations=5 (full 0):
 garbage-first heap   total 131072K, used 15411K [0x0000000081e00000, 0x0000000100000000)
  region size 1024K, 2 young (2048K), 2 survivors (2048K)
 Metaspace       used 4520K, committed 4800K, reserved 1114112K
  class space    used 504K, committed 640K, reserved 1048576K
}
Event: 98.237 GC heap before
{Heap before GC invocations=5 (full 0):
 garbage-first heap   total 131072K, used 31795K [0x0000000081e00000, 0x0000000100000000)
  region size 1024K, 18 young (18432K), 2 survivors (2048K)
 Metaspace       used 8055K, committed 8320K, reserved 1114112K
  class space    used 994K, committed 1088K, reserved 1048576K
}
Event: 98.242 GC heap after
{Heap after GC invocations=6 (full 0):
 garbage-first heap   total 131072K, used 16300K [0x0000000081e00000, 0x0000000100000000)
  region size 1024K, 2 young (2048K), 2 survivors (2048K)
 Metaspace       used 8055K, committed 8320K, reserved 1114112K
  class space    used 994K, committed 1088K, reserved 1048576K
}

