# JRE version: Java(TM) SE Runtime Environment (17.0.11+7) (build 17.0.11+7-LTS-207)
# Java VM: Java HotSpot(TM) 64-Bit Server VM (17.0.11+7-LTS-207, mixed mode, sharing, tiered, compressed oops, compressed class ptrs, g1 gc, windows-amd64)
GC Precious Log:
 CPUs: 4 total, 4 available
 Memory: 8070M
 Large Page Support: Disabled
 NUMA Support: Disabled
 Compressed Oops: Enabled (32-bit)
 Heap Region Size: 1M
 Heap Min Capacity: 8M
 Heap Initial Capacity: 128M
 Heap Max Capacity: 2018M
 Pre-touch: Disabled
 Parallel Workers: 4
 Concurrent Workers: 1
 Concurrent Refinement Workers: 4
 Periodic GC: Disabled
Heap:
 garbage-first heap   total 408576K, used 281191K [0x0000000081e00000, 0x0000000100000000)
  region size 1024K, 28 young (28672K), 3 survivors (3072K)
 Metaspace       used 61000K, committed 61504K, reserved 1114112K
  class space    used 7379K, committed 7616K, reserved 1048576K
GC Heap History (20 events):
Event: 500.245 GC heap before
{Heap before GC invocations=35 (full 0):
 garbage-first heap   total 293888K, used 245453K [0x0000000081e00000, 0x0000000100000000)
  region size 1024K, 31 young (31744K), 5 survivors (5120K)
 Metaspace       used 40232K, committed 40640K, reserved 1114112K
  class space    used 4602K, committed 4800K, reserved 1048576K
}
Event: 500.387 GC heap after
{Heap after GC invocations=36 (full 0):
 garbage-first heap   total 293888K, used 223232K [0x0000000081e00000, 0x0000000100000000)
  region size 1024K, 4 young (4096K), 4 survivors (4096K)
 Metaspace       used 40232K, committed 40640K, reserved 1114112K
  class space    used 4602K, committed 4800K, reserved 1048576K
}
Event: 501.623 GC heap before
{Heap before GC invocations=36 (full 0):
 garbage-first heap   total 293888K, used 246784K [0x0000000081e00000, 0x0000000100000000)
  region size 1024K, 27 young (27648K), 4 survivors (4096K)
 Metaspace       used 40247K, committed 40640K, reserved 1114112K
  class space    used 4602K, committed 4800K, reserved 1048576K
}
Event: 501.632 GC heap after
{Heap after GC invocations=37 (full 0):
 garbage-first heap   total 293888K, used 229913K [0x0000000081e00000, 0x0000000100000000)
  region size 1024K, 4 young (4096K), 4 survivors (4096K)
 Metaspace       used 40247K, committed 40640K, reserved 1114112K
  class space    used 4602K, committed 4800K, reserved 1048576K
}
Event: 501.955 GC heap before
{Heap before GC invocations=37 (full 0):
 garbage-first heap   total 293888K, used 248345K [0x0000000081e00000, 0x0000000100000000)
  region size 1024K, 22 young (22528K), 4 survivors (4096K)
 Metaspace       used 40247K, committed 40640K, reserved 1114112K
  class space    used 4602K, committed 4800K, reserved 1048576K
}
Event: 501.967 GC heap after
{Heap after GC invocations=38 (full 0):
 garbage-first heap   total 293888K, used 235372K [0x0000000081e00000, 0x0000000100000000)
  region size 1024K, 3 young (3072K), 3 survivors (3072K)
 Metaspace       used 40247K, committed 40640K, reserved 1114112K
  class space    used 4602K, committed 4800K, reserved 1048576K
}
Event: 503.711 GC heap before
{Heap before GC invocations=38 (full 0):
 garbage-first heap   total 293888K, used 252780K [0x0000000081e00000, 0x0000000100000000)
  region size 1024K, 19 young (19456K), 3 survivors (3072K)
 Metaspace       used 40247K, committed 40640K, reserved 1114112K
  class space    used 4602K, committed 4800K, reserved 1048576K
}
Event: 503.722 GC heap after
{Heap after GC invocations=39 (full 0):
 garbage-first heap   total 293888K, used 241664K [0x0000000081e00000, 0x0000000100000000)
  region size 1024K, 3 young (3072K), 3 survivors (3072K)
 Metaspace       used 40247K, committed 40640K, reserved 1114112K
  class space    used 4602K, committed 4800K, reserved 1048576K
}
Event: 523.263 GC heap before
{Heap before GC invocations=40 (full 0):
 garbage-first heap   total 408576K, used 250880K [0x0000000081e00000, 0x0000000100000000)
  region size 1024K, 15 young (15360K), 3 survivors (3072K)
 Metaspace       used 40212K, committed 40640K, reserved 1114112K
  class space    used 4598K, committed 4800K, reserved 1048576K
}
Event: 523.272 GC heap after
{Heap after GC invocations=41 (full 0):
 garbage-first heap   total 408576K, used 242579K [0x0000000081e00000, 0x0000000100000000)
  region size 1024K, 2 young (2048K), 2 survivors (2048K)
 Metaspace       used 40212K, committed 40640K, reserved 1114112K
  class space    used 4598K, committed 4800K, reserved 1048576K
}
Event: 587.954 GC heap before
{Heap before GC invocations=41 (full 0):
 garbage-first heap   total 408576K, used 259987K [0x0000000081e00000, 0x0000000100000000)
  region size 1024K, 19 young (19456K), 2 survivors (2048K)
 Metaspace       used 40725K, committed 41152K, reserved 1114112K
  class space    used 4647K, committed 4864K, reserved 1048576K
}
Event: 587.962 GC heap after
{Heap after GC invocations=42 (full 0):
 garbage-first heap   total 408576K, used 230060K [0x0000000081e00000, 0x0000000100000000)
  region size 1024K, 2 young (2048K), 2 survivors (2048K)
 Metaspace       used 40725K, committed 41152K, reserved 1114112K
  class space    used 4647K, committed 4864K, reserved 1048576K
}
Event: 693.055 GC heap before
{Heap before GC invocations=42 (full 0):
 garbage-first heap   total 408576K, used 320172K [0x0000000081e00000, 0x0000000100000000)
  region size 1024K, 66 young (67584K), 2 survivors (2048K)
 Metaspace       used 47302K, committed 47744K, reserved 1114112K
  class space    used 5547K, committed 5760K, reserved 1048576K
}
Event: 693.390 GC heap after
{Heap after GC invocations=43 (full 0):
 garbage-first heap   total 408576K, used 233425K [0x0000000081e00000, 0x0000000100000000)
  region size 1024K, 5 young (5120K), 5 survivors (5120K)
 Metaspace       used 47302K, committed 47744K, reserved 1114112K
  class space    used 5547K, committed 5760K, reserved 1048576K
}
Event: 715.366 GC heap before
{Heap before GC invocations=43 (full 0):
 garbage-first heap   total 408576K, used 269265K [0x0000000081e00000, 0x0000000100000000)
  region size 1024K, 40 young (40960K), 5 survivors (5120K)
 Metaspace       used 51672K, committed 52096K, reserved 1114112K
  class space    used 6044K, committed 6272K, reserved 1048576K
}
Event: 715.379 GC heap after
{Heap after GC invocations=44 (full 0):
 garbage-first heap   total 408576K, used 236408K [0x0000000081e00000, 0x0000000100000000)
  region size 1024K, 3 young (3072K), 3 survivors (3072K)
 Metaspace       used 51672K, committed 52096K, reserved 1114112K
  class space    used 6044K, committed 6272K, reserved 1048576K
}
Event: 718.828 GC heap before
{Heap before GC invocations=44 (full 0):
 garbage-first heap   total 408576K, used 313208K [0x0000000081e00000, 0x0000000100000000)
  region size 1024K, 78 young (79872K), 3 survivors (3072K)
 Metaspace       used 54580K, committed 55040K, reserved 1114112K
  class space    used 6496K, committed 6720K, reserved 1048576K
}
Event: 718.844 GC heap after
{Heap after GC invocations=45 (full 0):
 garbage-first heap   total 408576K, used 244905K [0x0000000081e00000, 0x0000000100000000)
  region size 1024K, 10 young (10240K), 10 survivors (10240K)
 Metaspace       used 54580K, committed 55040K, reserved 1114112K
  class space    used 6496K, committed 6720K, reserved 1048576K
}
Event: 727.313 GC heap before
{Heap before GC invocations=45 (full 0):
 garbage-first heap   total 408576K, used 319657K [0x0000000081e00000, 0x0000000100000000)
  region size 1024K, 83 young (84992K), 10 survivors (10240K)
 Metaspace       used 58576K, committed 59136K, reserved 1114112K
  class space    used 6991K, committed 7232K, reserved 1048576K
}
Event: 727.530 GC heap after
{Heap after GC invocations=46 (full 0):
 garbage-first heap   total 408576K, used 252052K [0x0000000081e00000, 0x0000000100000000)
  region size 1024K, 8 young (8192K), 8 survivors (8192K)
 Metaspace       used 58576K, committed 59136K, reserved 1114112K
  class space    used 6991K, committed 7232K, reserved 1048576K
}

